[2023-04-21 00:01:08,910] multiqc                                            [DEBUG  ]  This is MultiQC v1.13
[2023-04-21 00:01:08,915] multiqc                                            [DEBUG  ]  Loading config settings from: multiqc_config.yml
[2023-04-21 00:01:08,916] multiqc                                            [DEBUG  ]  New config: {'report_comment': 'This report has been generated by the <a href="https://github.com/nf-core/methylseq" target="_blank">nf-core/methylseq</a> analysis pipeline. For information about how to interpret these results, please see the <a href="https://nf-co.re/methylseq" target="_blank">documentation</a>.\n', 'report_section_order': {'nf-core-methylseq-methods-description': {'order': -1000}, 'software_versions': {'order': -1001}, 'nf-core-methylseq-summary': {'order': -1002}}, 'export_plots': True, 'table_columns_visible': {'QualiMap': {'avg_gc': False, '30_x_pc': False, 'percentage_aligned': False}}, 'top_modules': ['bismark']}
[2023-04-21 00:01:08,921] multiqc                                            [DEBUG  ]  Loading config settings from: multiqc_config.yml
[2023-04-21 00:01:08,921] multiqc                                            [DEBUG  ]  New config: {'report_comment': 'This report has been generated by the <a href="https://github.com/nf-core/methylseq" target="_blank">nf-core/methylseq</a> analysis pipeline. For information about how to interpret these results, please see the <a href="https://nf-co.re/methylseq" target="_blank">documentation</a>.\n', 'report_section_order': {'nf-core-methylseq-methods-description': {'order': -1000}, 'software_versions': {'order': -1001}, 'nf-core-methylseq-summary': {'order': -1002}}, 'export_plots': True, 'table_columns_visible': {'QualiMap': {'avg_gc': False, '30_x_pc': False, 'percentage_aligned': False}}, 'top_modules': ['bismark']}
[2023-04-21 00:01:08,921] multiqc                                            [DEBUG  ]  Command used: /usr/local/bin/multiqc --force --config multiqc_config.yml .
[2023-04-21 00:01:09,248] multiqc                                            [WARNING]  MultiQC Version v1.14 now available!
[2023-04-21 00:01:09,248] multiqc                                            [DEBUG  ]  Working dir : /media/jochum00/Aagaard_Raid1/jochum00/zahra/work/1e/404b3325dd8e5ec4b9434de62ca3ac
[2023-04-21 00:01:09,248] multiqc                                            [DEBUG  ]  Template    : default
[2023-04-21 00:01:09,248] multiqc                                            [DEBUG  ]  Running Python 3.10.6 | packaged by conda-forge | (main, Aug 22 2022, 20:35:26) [GCC 10.4.0]
[2023-04-21 00:01:09,250] multiqc                                            [DEBUG  ]  Analysing modules: bismark, custom_content, ccs, ngsderive, purple, conpair, lima, peddy, somalier, methylQA, mosdepth, phantompeakqualtools, qualimap, preseq, quast, qorts, rna_seqc, rockhopper, rsem, rseqc, busco, bustools, goleft_indexcov, gffcompare, disambiguate, supernova, deeptools, sargasso, verifybamid, mirtrace, happy, mirtop, sambamba, homer, hops, macs2, theta2, snpeff, gatk, htseq, bcftools, featureCounts, fgbio, dragen, dedup, pbmarkdup, damageprofiler, biobambam2, jcvi, mtnucratio, picard, vep, sentieon, prokka, qc3C, nanostat, samblaster, samtools, sexdeterrmine, eigenstratdatabasetools, bamtools, jellyfish, vcftools, longranger, stacks, varscan2, snippy, bbmap, biscuit, hicexplorer, hicup, hicpro, salmon, kallisto, slamdunk, star, hisat2, tophat, bowtie2, bowtie1, snpsplit, odgi, pangolin, kat, leehom, adapterRemoval, clipandmerge, cutadapt, flexbar, kaiju, kraken, malt, trimmomatic, sickle, skewer, sortmerna, biobloomtools, fastq_screen, afterqc, fastp, fastqc, pychopper, pycoqc, minionqc, multivcfanalyzer, clusterflow, checkqc, bcl2fastq, bclconvert, interop, ivar, flash, seqyclean, optitype, whatshap
[2023-04-21 00:01:09,251] multiqc                                            [DEBUG  ]  Using temporary directory for creating report: /tmp/tmp4kurl739
[2023-04-21 00:01:09,573] multiqc                                            [INFO   ]  Search path : /media/jochum00/Aagaard_Raid1/jochum00/zahra/work/1e/404b3325dd8e5ec4b9434de62ca3ac
[2023-04-21 00:01:31,116] multiqc                                            [DEBUG  ]  Summary of files that were skipped by the search: [skipped_module_specific_max_filesize: 1546] // [skipped_no_match: 775]
[2023-04-21 00:01:32,530] multiqc.plots.linegraph                            [DEBUG  ]  Using matplotlib version 3.5.3
[2023-04-21 00:01:32,531] multiqc.plots.bargraph                             [DEBUG  ]  Using matplotlib version 3.5.3
[2023-04-21 00:01:32,647] multiqc.modules.bismark.bismark                    [INFO   ]  Found 17 alignment reports
[2023-04-21 00:01:37,519] multiqc.modules.bismark.bismark                    [INFO   ]  Found 17 dedup reports
[2023-04-21 00:01:45,847] multiqc.modules.bismark.bismark                    [INFO   ]  Found 17 methextract reports
[2023-04-21 00:01:58,989] multiqc.modules.custom_content.custom_content      [INFO   ]  nf-core-methylseq-summary: Found 1 sample (html)
[2023-04-21 00:01:58,989] multiqc.modules.custom_content.custom_content      [INFO   ]  nf-core-methylseq-methods-description: Found 1 sample (html)
[2023-04-21 00:01:58,990] multiqc.modules.custom_content.custom_content      [INFO   ]  software_versions: Found 1 sample (html)
[2023-04-21 00:01:59,476] multiqc.modules.qualimap.QM_BamQC                  [DEBUG  ]  Using default Qualimap thresholds: 1, 5, 10, 30, 50
[2023-04-21 00:02:09,442] multiqc.modules.qualimap.qualimap                  [INFO   ]  Found 17 BamQC reports
[2023-04-21 00:02:09,601] multiqc.modules.cutadapt.cutadapt                  [INFO   ]  Found 34 reports
[2023-04-21 00:02:21,309] multiqc.modules.fastqc.fastqc                      [INFO   ]  Found 34 reports
[2023-04-21 00:02:43,857] multiqc                                            [DEBUG  ]  Reordering sections: anchor 'nf-core-methylseq-methods-description' not found for module 'Bismark'.
[2023-04-21 00:02:43,857] multiqc                                            [DEBUG  ]  Reordering sections: anchor 'software_versions' not found for module 'Bismark'.
[2023-04-21 00:02:43,857] multiqc                                            [DEBUG  ]  Reordering sections: anchor 'nf-core-methylseq-summary' not found for module 'Bismark'.
[2023-04-21 00:02:43,858] multiqc                                            [DEBUG  ]  Reordering sections: anchor 'nf-core-methylseq-methods-description' not found for module 'QualiMap'.
[2023-04-21 00:02:43,858] multiqc                                            [DEBUG  ]  Reordering sections: anchor 'software_versions' not found for module 'QualiMap'.
[2023-04-21 00:02:43,858] multiqc                                            [DEBUG  ]  Reordering sections: anchor 'nf-core-methylseq-summary' not found for module 'QualiMap'.
[2023-04-21 00:02:43,858] multiqc                                            [DEBUG  ]  Reordering sections: anchor 'nf-core-methylseq-methods-description' not found for module 'Cutadapt'.
[2023-04-21 00:02:43,858] multiqc                                            [DEBUG  ]  Reordering sections: anchor 'software_versions' not found for module 'Cutadapt'.
[2023-04-21 00:02:43,858] multiqc                                            [DEBUG  ]  Reordering sections: anchor 'nf-core-methylseq-summary' not found for module 'Cutadapt'.
[2023-04-21 00:02:43,858] multiqc                                            [DEBUG  ]  Reordering sections: anchor 'nf-core-methylseq-methods-description' not found for module 'FastQC'.
[2023-04-21 00:02:43,858] multiqc                                            [DEBUG  ]  Reordering sections: anchor 'software_versions' not found for module 'FastQC'.
[2023-04-21 00:02:43,858] multiqc                                            [DEBUG  ]  Reordering sections: anchor 'nf-core-methylseq-summary' not found for module 'FastQC'.
[2023-04-21 00:02:43,858] multiqc                                            [DEBUG  ]  Reordering sections: anchor 'nf-core-methylseq-methods-description' not found for module 'nf-core/methylseq Methods Description'.
[2023-04-21 00:02:43,858] multiqc                                            [DEBUG  ]  Reordering sections: anchor 'software_versions' not found for module 'nf-core/methylseq Methods Description'.
[2023-04-21 00:02:43,858] multiqc                                            [DEBUG  ]  Reordering sections: anchor 'nf-core-methylseq-summary' not found for module 'nf-core/methylseq Methods Description'.
[2023-04-21 00:02:43,858] multiqc                                            [DEBUG  ]  Reordering sections: anchor 'nf-core-methylseq-methods-description' not found for module 'nf-core/methylseq Software Versions'.
[2023-04-21 00:02:43,858] multiqc                                            [DEBUG  ]  Reordering sections: anchor 'software_versions' not found for module 'nf-core/methylseq Software Versions'.
[2023-04-21 00:02:43,858] multiqc                                            [DEBUG  ]  Reordering sections: anchor 'nf-core-methylseq-summary' not found for module 'nf-core/methylseq Software Versions'.
[2023-04-21 00:02:43,858] multiqc                                            [DEBUG  ]  Reordering sections: anchor 'nf-core-methylseq-methods-description' not found for module 'nf-core/methylseq Workflow Summary'.
[2023-04-21 00:02:43,859] multiqc                                            [DEBUG  ]  Reordering sections: anchor 'software_versions' not found for module 'nf-core/methylseq Workflow Summary'.
[2023-04-21 00:02:43,859] multiqc                                            [DEBUG  ]  Reordering sections: anchor 'nf-core-methylseq-summary' not found for module 'nf-core/methylseq Workflow Summary'.
[2023-04-21 00:02:44,140] multiqc                                            [INFO   ]  Compressing plot data
[2023-04-21 00:02:48,262] multiqc                                            [INFO   ]  Report      : multiqc_report.html
[2023-04-21 00:02:48,262] multiqc                                            [INFO   ]  Data        : multiqc_data
[2023-04-21 00:02:48,262] multiqc                                            [DEBUG  ]  Moving data file from '/tmp/tmp4kurl739/multiqc_data' to '/media/jochum00/Aagaard_Raid1/jochum00/zahra/work/1e/404b3325dd8e5ec4b9434de62ca3ac/multiqc_data'
[2023-04-21 00:02:48,280] multiqc                                            [INFO   ]  Plots       : multiqc_plots
[2023-04-21 00:02:48,280] multiqc                                            [DEBUG  ]  Moving plots directory from '/tmp/tmp4kurl739/multiqc_plots' to '/media/jochum00/Aagaard_Raid1/jochum00/zahra/work/1e/404b3325dd8e5ec4b9434de62ca3ac/multiqc_plots'
[2023-04-21 00:02:48,499] multiqc                                            [INFO   ]  MultiQC complete
