[2024-11-15 16:28:01,201] multiqc.config                                     [INFO   ]  Loading config settings from: multiqc_config.yml
[2024-11-15 16:28:01,757] multiqc.core.file_search                           [INFO   ]  Search path: /media/jochum00/Aagaard_Raid3/jochum00/k_pennington/LIF_project/BaseSpace/edwards-8184-434104856/work/2a/8c5685237f521eeccaac9f96833c44
[2024-11-15 16:28:01,758] multiqc.core.file_search                           [ERROR  ]  Module(s) in config.run_modules are unknown: bracken. Double check the case and dashes/underscores. Available modules IDs: adapterremoval, afterqc, anglerfish, bakta, bamdst, bamtools, bbduk, bbmap, bcftools, bcl2fastq, bclconvert, biobambam2, biobloomtools, biscuit, bismark, bowtie1, bowtie2, busco, bustools, ccs, cellranger, checkqc, clipandmerge, clusterflow, conpair, custom_content, cutadapt, damageprofiler, dedup, deeptools, diamond, disambiguate, dragen, dragen_fastqc, eigenstratdatabasetools, fastp, fastq_screen, fastqc, featurecounts, fgbio, filtlong, flash, flexbar, freyja, ganon, gatk, gffcompare, glimpse, goleft_indexcov, gopeaks, happy, hicexplorer, hicpro, hicup, hifiasm, hisat2, homer, hops, hostile, htseq, humid, interop, isoseq, ivar, jcvi, jellyfish, kaiju, kallisto, kat, kraken, leehom, librarian, lima, longranger, macs2, malt, mapdamage, megahit, metaphlan, methylqa, minionqc, mirtop, mirtrace, mosdepth, motus, mtnucratio, multivcfanalyzer, nanoq, nanostat, nextclade, ngsbits, ngsderive, nonpareil, odgi, optitype, pairtools, pangolin, pbmarkdup, peddy, phantompeakqualtools, picard, porechop, preseq, prinseqplusplus, prokka, purple, pychopper, pycoqc, qc3C, qorts, qualimap, quast, rna_seqc, rockhopper, rsem, rseqc, salmon, sambamba, samblaster, samtools, sargasso, seqera_cli, sequali, seqwho, seqyclean, sexdeterrmine, sickle, skewer, slamdunk, snippy, snpeff, snpsplit, somalier, sortmerna, sourmash, spaceranger, stacks, star, supernova, theta2, tophat, trimmomatic, truvari, umicollapse, umitools, varscan2, vcftools, vep, verifybamid, vg, whatshap, xengsort, xenome
[2024-11-15 16:28:01,759] multiqc.core.file_search                           [INFO   ]  Only using modules: custom_content, hisat2, kallisto, kraken, picard, preseq, qualimap, rsem, rseqc, salmon, samtools, sortmerna, star, umitools, fastqc, cutadapt, fastp, fastqc
[2024-11-15 16:28:01,767] multiqc.report                                     [INFO   ]  Skipping 6 file search patterns
[2024-11-15 16:28:04,266] multiqc.validation                                 [WARNING]  custom_content/custom_content.py: warnings while parsing LinePlotConfig.FlatLine {'color': 'green', 'dash': 'longdash', 'label': {'text': '0.5 RPKM'}, 'value': 0.5, 'width': 1} (total: 1):
• 'LongDash' is a deprecated dash style, use 'longdash'
[2024-11-15 16:28:04,268] multiqc.validation                                 [WARNING]  custom_content/custom_content.py: warnings while parsing LinePlotConfig.FlatLine {'color': 'red', 'dash': 'longdash', 'label': {'text': '1 read/bp'}, 'value': 1000, 'width': 1} (total: 1):
• 'LongDash' is a deprecated dash style, use 'longdash'
[2024-11-15 16:28:04,269] multiqc.validation                                 [WARNING]  custom_content/custom_content.py: warnings while parsing LinePlotConfig.LinePlotConfig {'title': 'DupRadar General Linear Model', 'xlog': True, 'xlab': 'expression (reads/kbp)', 'ylab': '% duplicate reads', 'ymax': 100, 'ymin': 0, 'tt_label': '<b>{point.x:.1f} reads/kbp</b>: {point.y:,.2f}% duplicates', 'x_lines': [{'color': 'green', 'dash': 'LongDash', 'label': {'text': '0.5 RPKM'}, 'value': 0.5, 'width': 1}, {'color': 'red', 'dash': 'LongDash', 'label': {'text': '1 read/bp'}, 'value': 1000, 'width': 1}], 'anchor': 'dupradar-section-plot', 'id': 'dupradar'} (total: 1):
• Line plot's x_lines or y_lines 'label' field is expected to be a string. Other fields other than 'text' are deprecated and will be ignored
[2024-11-15 16:28:04,554] multiqc.modules.custom_content.custom_content      [INFO   ]  dupradar: Found 1 samples (PlotType.LINE)
[2024-11-15 16:28:04,554] multiqc.modules.custom_content.custom_content      [INFO   ]  DupInt: Found 25 General Statistics columns
[2024-11-15 16:28:04,569] multiqc.modules.custom_content.custom_content      [INFO   ]  sample-status: Found 50 samples (PlotType.TABLE)
[2024-11-15 16:28:04,581] multiqc.modules.custom_content.custom_content      [INFO   ]  sample-relationships: Found 25 samples (PlotType.HEATMAP)
[2024-11-15 16:28:04,584] multiqc.modules.custom_content.custom_content      [INFO   ]  sample-relationships: Found 25 samples (PlotType.SCATTER)
[2024-11-15 16:28:04,584] multiqc.modules.custom_content.custom_content      [WARNING]  HTML plot type found with more than one dataset in nf-core-rnaseq-methods-description
[2024-11-15 16:28:04,584] multiqc.modules.custom_content.custom_content      [INFO   ]  nf-core-rnaseq-methods-description: Found 1 sample (html)
[2024-11-15 16:28:04,584] multiqc.modules.custom_content.custom_content      [WARNING]  HTML plot type found with more than one dataset in nf-core-rnaseq-summary
[2024-11-15 16:28:04,584] multiqc.modules.custom_content.custom_content      [INFO   ]  nf-core-rnaseq-summary: Found 1 sample (html)
[2024-11-15 16:28:04,718] multiqc.modules.picard.picard                      [INFO   ]  Found 25 MarkDuplicates reports
[2024-11-15 16:28:04,770] multiqc.modules.qualimap.qualimap                  [INFO   ]  Found 25 RNASeq reports
[2024-11-15 16:28:04,786] multiqc.modules.rseqc.rseqc                        [INFO   ]  Found 25 read_distribution reports
[2024-11-15 16:28:04,808] multiqc.modules.rseqc.rseqc                        [INFO   ]  Found 25 inner_distance reports
[2024-11-15 16:28:04,850] multiqc.modules.rseqc.rseqc                        [INFO   ]  Found 25 read_duplication reports
[2024-11-15 16:28:04,862] multiqc.modules.rseqc.rseqc                        [INFO   ]  Found 25 junction_annotation reports
[2024-11-15 16:28:04,881] multiqc.modules.rseqc.rseqc                        [INFO   ]  Found 25 junction_saturation reports
[2024-11-15 16:28:04,892] multiqc.modules.rseqc.rseqc                        [INFO   ]  Found 25 infer_experiment reports
[2024-11-15 16:28:04,910] multiqc.modules.rseqc.rseqc                        [INFO   ]  Found 25 bam_stat reports
[2024-11-15 16:28:05,072] multiqc.modules.samtools.samtools                  [INFO   ]  Found 25 stats reports
[2024-11-15 16:28:05,105] multiqc.modules.samtools.samtools                  [INFO   ]  Found 25 flagstat reports
[2024-11-15 16:28:05,130] multiqc.modules.samtools.samtools                  [INFO   ]  Found 25 idxstats reports
[2024-11-15 16:28:05,140] multiqc.modules.star.star                          [INFO   ]  Found 25 reports
[2024-11-15 16:28:06,046] multiqc.modules.fastqc.fastqc                      [INFO   ]  Found 50 reports
[2024-11-15 16:28:06,261] multiqc.modules.cutadapt.cutadapt                  [INFO   ]  Found 50 reports
[2024-11-15 16:28:07,133] multiqc.modules.fastqc.fastqc                      [INFO   ]  Found 50 reports
[2024-11-15 16:28:07,271] multiqc.core.file_search                           [ERROR  ]  Module(s) in config.run_modules are unknown: bracken. Double check the case and dashes/underscores. Available modules IDs: adapterremoval, afterqc, anglerfish, bakta, bamdst, bamtools, bbduk, bbmap, bcftools, bcl2fastq, bclconvert, biobambam2, biobloomtools, biscuit, bismark, bowtie1, bowtie2, busco, bustools, ccs, cellranger, checkqc, clipandmerge, clusterflow, conpair, custom_content, cutadapt, damageprofiler, dedup, deeptools, diamond, disambiguate, dragen, dragen_fastqc, eigenstratdatabasetools, fastp, fastq_screen, fastqc, featurecounts, fgbio, filtlong, flash, flexbar, freyja, ganon, gatk, gffcompare, glimpse, goleft_indexcov, gopeaks, happy, hicexplorer, hicpro, hicup, hifiasm, hisat2, homer, hops, hostile, htseq, humid, interop, isoseq, ivar, jcvi, jellyfish, kaiju, kallisto, kat, kraken, leehom, librarian, lima, longranger, macs2, malt, mapdamage, megahit, metaphlan, methylqa, minionqc, mirtop, mirtrace, mosdepth, motus, mtnucratio, multivcfanalyzer, nanoq, nanostat, nextclade, ngsbits, ngsderive, nonpareil, odgi, optitype, pairtools, pangolin, pbmarkdup, peddy, phantompeakqualtools, picard, porechop, preseq, prinseqplusplus, prokka, purple, pychopper, pycoqc, qc3C, qorts, qualimap, quast, rna_seqc, rockhopper, rsem, rseqc, salmon, sambamba, samblaster, samtools, sargasso, seqera_cli, sequali, seqwho, seqyclean, sexdeterrmine, sickle, skewer, slamdunk, snippy, snpeff, snpsplit, somalier, sortmerna, sourmash, spaceranger, stacks, star, supernova, theta2, tophat, trimmomatic, truvari, umicollapse, umitools, varscan2, vcftools, vep, verifybamid, vg, whatshap, xengsort, xenome
[2024-11-15 16:28:07,271] multiqc.core.file_search                           [INFO   ]  Only using modules: picard, qualimap, rseqc, samtools, star, fastqc, cutadapt, fastqc, dupradar, sample-status, sample-relationships, nf-core-rnaseq-methods-description, nf-core-rnaseq-summary
[2024-11-15 16:28:07,272] multiqc.core.write_results                         [INFO   ]  Rendering plots. Export plots to formats png, svg, pdf is requested, so it might take a while. To disable plot export, set `export_plots: false` in config, or remove the `--export-plots` command line flag
