[2023-04-18 05:55:34,144] multiqc                                            [DEBUG  ]  This is MultiQC v1.13
[2023-04-18 05:55:34,149] multiqc                                            [DEBUG  ]  Loading config settings from: multiqc_config.yml
[2023-04-18 05:55:34,150] multiqc                                            [DEBUG  ]  New config: {'report_comment': 'This report has been generated by the <a href="https://github.com/nf-core/methylseq" target="_blank">nf-core/methylseq</a> analysis pipeline. For information about how to interpret these results, please see the <a href="https://nf-co.re/methylseq" target="_blank">documentation</a>.\n', 'report_section_order': {'nf-core-methylseq-methods-description': {'order': -1000}, 'software_versions': {'order': -1001}, 'nf-core-methylseq-summary': {'order': -1002}}, 'export_plots': True, 'table_columns_visible': {'QualiMap': {'avg_gc': False, '30_x_pc': False, 'percentage_aligned': False}}, 'top_modules': ['bismark']}
[2023-04-18 05:55:34,154] multiqc                                            [DEBUG  ]  Loading config settings from: multiqc_config.yml
[2023-04-18 05:55:34,155] multiqc                                            [DEBUG  ]  New config: {'report_comment': 'This report has been generated by the <a href="https://github.com/nf-core/methylseq" target="_blank">nf-core/methylseq</a> analysis pipeline. For information about how to interpret these results, please see the <a href="https://nf-co.re/methylseq" target="_blank">documentation</a>.\n', 'report_section_order': {'nf-core-methylseq-methods-description': {'order': -1000}, 'software_versions': {'order': -1001}, 'nf-core-methylseq-summary': {'order': -1002}}, 'export_plots': True, 'table_columns_visible': {'QualiMap': {'avg_gc': False, '30_x_pc': False, 'percentage_aligned': False}}, 'top_modules': ['bismark']}
[2023-04-18 05:55:34,155] multiqc                                            [DEBUG  ]  Command used: /usr/local/bin/multiqc --force --config multiqc_config.yml .
[2023-04-18 05:55:34,650] multiqc                                            [WARNING]  MultiQC Version v1.14 now available!
[2023-04-18 05:55:34,650] multiqc                                            [DEBUG  ]  Working dir : /media/jochum00/Aagaard_Raid1/jochum00/zahra/work/85/518e017b5396b78fb50719e856b8ef
[2023-04-18 05:55:34,651] multiqc                                            [DEBUG  ]  Template    : default
[2023-04-18 05:55:34,651] multiqc                                            [DEBUG  ]  Running Python 3.10.6 | packaged by conda-forge | (main, Aug 22 2022, 20:35:26) [GCC 10.4.0]
[2023-04-18 05:55:34,654] multiqc                                            [DEBUG  ]  Analysing modules: bismark, custom_content, ccs, ngsderive, purple, conpair, lima, peddy, somalier, methylQA, mosdepth, phantompeakqualtools, qualimap, preseq, quast, qorts, rna_seqc, rockhopper, rsem, rseqc, busco, bustools, goleft_indexcov, gffcompare, disambiguate, supernova, deeptools, sargasso, verifybamid, mirtrace, happy, mirtop, sambamba, homer, hops, macs2, theta2, snpeff, gatk, htseq, bcftools, featureCounts, fgbio, dragen, dedup, pbmarkdup, damageprofiler, biobambam2, jcvi, mtnucratio, picard, vep, sentieon, prokka, qc3C, nanostat, samblaster, samtools, sexdeterrmine, eigenstratdatabasetools, bamtools, jellyfish, vcftools, longranger, stacks, varscan2, snippy, bbmap, biscuit, hicexplorer, hicup, hicpro, salmon, kallisto, slamdunk, star, hisat2, tophat, bowtie2, bowtie1, snpsplit, odgi, pangolin, kat, leehom, adapterRemoval, clipandmerge, cutadapt, flexbar, kaiju, kraken, malt, trimmomatic, sickle, skewer, sortmerna, biobloomtools, fastq_screen, afterqc, fastp, fastqc, pychopper, pycoqc, minionqc, multivcfanalyzer, clusterflow, checkqc, bcl2fastq, bclconvert, interop, ivar, flash, seqyclean, optitype, whatshap
[2023-04-18 05:55:34,655] multiqc                                            [DEBUG  ]  Using temporary directory for creating report: /tmp/tmp_wje033y
[2023-04-18 05:55:35,061] multiqc                                            [INFO   ]  Search path : /media/jochum00/Aagaard_Raid1/jochum00/zahra/work/85/518e017b5396b78fb50719e856b8ef
[2023-04-18 05:55:58,324] multiqc                                            [DEBUG  ]  Summary of files that were skipped by the search: [skipped_module_specific_max_filesize: 1457] // [skipped_no_match: 730]
[2023-04-18 05:56:00,575] multiqc.plots.linegraph                            [DEBUG  ]  Using matplotlib version 3.5.3
[2023-04-18 05:56:00,576] multiqc.plots.bargraph                             [DEBUG  ]  Using matplotlib version 3.5.3
[2023-04-18 05:56:00,841] multiqc.modules.bismark.bismark                    [INFO   ]  Found 16 alignment reports
[2023-04-18 05:56:06,014] multiqc.modules.bismark.bismark                    [INFO   ]  Found 16 dedup reports
[2023-04-18 05:56:14,036] multiqc.modules.bismark.bismark                    [INFO   ]  Found 16 methextract reports
[2023-04-18 05:56:26,647] multiqc.modules.custom_content.custom_content      [INFO   ]  software_versions: Found 1 sample (html)
[2023-04-18 05:56:26,647] multiqc.modules.custom_content.custom_content      [INFO   ]  nf-core-methylseq-summary: Found 1 sample (html)
[2023-04-18 05:56:26,647] multiqc.modules.custom_content.custom_content      [INFO   ]  nf-core-methylseq-methods-description: Found 1 sample (html)
[2023-04-18 05:56:27,941] multiqc.modules.qualimap.QM_BamQC                  [DEBUG  ]  Using default Qualimap thresholds: 1, 5, 10, 30, 50
[2023-04-18 05:56:37,487] multiqc.modules.qualimap.qualimap                  [INFO   ]  Found 16 BamQC reports
[2023-04-18 05:56:37,639] multiqc.modules.cutadapt.cutadapt                  [INFO   ]  Found 32 reports
[2023-04-18 05:56:50,255] multiqc.modules.fastqc.fastqc                      [INFO   ]  Found 32 reports
[2023-04-18 05:57:12,087] multiqc                                            [DEBUG  ]  Reordering sections: anchor 'nf-core-methylseq-methods-description' not found for module 'Bismark'.
[2023-04-18 05:57:12,087] multiqc                                            [DEBUG  ]  Reordering sections: anchor 'software_versions' not found for module 'Bismark'.
[2023-04-18 05:57:12,087] multiqc                                            [DEBUG  ]  Reordering sections: anchor 'nf-core-methylseq-summary' not found for module 'Bismark'.
[2023-04-18 05:57:12,087] multiqc                                            [DEBUG  ]  Reordering sections: anchor 'nf-core-methylseq-methods-description' not found for module 'QualiMap'.
[2023-04-18 05:57:12,088] multiqc                                            [DEBUG  ]  Reordering sections: anchor 'software_versions' not found for module 'QualiMap'.
[2023-04-18 05:57:12,088] multiqc                                            [DEBUG  ]  Reordering sections: anchor 'nf-core-methylseq-summary' not found for module 'QualiMap'.
[2023-04-18 05:57:12,088] multiqc                                            [DEBUG  ]  Reordering sections: anchor 'nf-core-methylseq-methods-description' not found for module 'Cutadapt'.
[2023-04-18 05:57:12,088] multiqc                                            [DEBUG  ]  Reordering sections: anchor 'software_versions' not found for module 'Cutadapt'.
[2023-04-18 05:57:12,088] multiqc                                            [DEBUG  ]  Reordering sections: anchor 'nf-core-methylseq-summary' not found for module 'Cutadapt'.
[2023-04-18 05:57:12,088] multiqc                                            [DEBUG  ]  Reordering sections: anchor 'nf-core-methylseq-methods-description' not found for module 'FastQC'.
[2023-04-18 05:57:12,088] multiqc                                            [DEBUG  ]  Reordering sections: anchor 'software_versions' not found for module 'FastQC'.
[2023-04-18 05:57:12,088] multiqc                                            [DEBUG  ]  Reordering sections: anchor 'nf-core-methylseq-summary' not found for module 'FastQC'.
[2023-04-18 05:57:12,088] multiqc                                            [DEBUG  ]  Reordering sections: anchor 'nf-core-methylseq-methods-description' not found for module 'nf-core/methylseq Methods Description'.
[2023-04-18 05:57:12,088] multiqc                                            [DEBUG  ]  Reordering sections: anchor 'software_versions' not found for module 'nf-core/methylseq Methods Description'.
[2023-04-18 05:57:12,088] multiqc                                            [DEBUG  ]  Reordering sections: anchor 'nf-core-methylseq-summary' not found for module 'nf-core/methylseq Methods Description'.
[2023-04-18 05:57:12,088] multiqc                                            [DEBUG  ]  Reordering sections: anchor 'nf-core-methylseq-methods-description' not found for module 'nf-core/methylseq Software Versions'.
[2023-04-18 05:57:12,088] multiqc                                            [DEBUG  ]  Reordering sections: anchor 'software_versions' not found for module 'nf-core/methylseq Software Versions'.
[2023-04-18 05:57:12,088] multiqc                                            [DEBUG  ]  Reordering sections: anchor 'nf-core-methylseq-summary' not found for module 'nf-core/methylseq Software Versions'.
[2023-04-18 05:57:12,088] multiqc                                            [DEBUG  ]  Reordering sections: anchor 'nf-core-methylseq-methods-description' not found for module 'nf-core/methylseq Workflow Summary'.
[2023-04-18 05:57:12,088] multiqc                                            [DEBUG  ]  Reordering sections: anchor 'software_versions' not found for module 'nf-core/methylseq Workflow Summary'.
[2023-04-18 05:57:12,089] multiqc                                            [DEBUG  ]  Reordering sections: anchor 'nf-core-methylseq-summary' not found for module 'nf-core/methylseq Workflow Summary'.
[2023-04-18 05:57:12,455] multiqc                                            [INFO   ]  Compressing plot data
[2023-04-18 05:57:16,276] multiqc                                            [INFO   ]  Report      : multiqc_report.html
[2023-04-18 05:57:16,277] multiqc                                            [INFO   ]  Data        : multiqc_data
[2023-04-18 05:57:16,277] multiqc                                            [DEBUG  ]  Moving data file from '/tmp/tmp_wje033y/multiqc_data' to '/media/jochum00/Aagaard_Raid1/jochum00/zahra/work/85/518e017b5396b78fb50719e856b8ef/multiqc_data'
[2023-04-18 05:57:16,294] multiqc                                            [INFO   ]  Plots       : multiqc_plots
[2023-04-18 05:57:16,294] multiqc                                            [DEBUG  ]  Moving plots directory from '/tmp/tmp_wje033y/multiqc_plots' to '/media/jochum00/Aagaard_Raid1/jochum00/zahra/work/85/518e017b5396b78fb50719e856b8ef/multiqc_plots'
[2023-04-18 05:57:16,886] multiqc                                            [INFO   ]  MultiQC complete
